{"C:\\projects\\college-costs-api\\models\\College.js": {"path":"C:\\projects\\college-costs-api\\models\\College.js","statementMap":{"0":{"start":{"line":1,"column":12},"end":{"line":1,"column":33}},"1":{"start":{"line":2,"column":11},"end":{"line":2,"column":24}},"2":{"start":{"line":3,"column":13},"end":{"line":3,"column":28}},"3":{"start":{"line":7,"column":2},"end":{"line":11,"column":15}},"4":{"start":{"line":15,"column":2},"end":{"line":19,"column":15}},"5":{"start":{"line":23,"column":2},"end":{"line":27,"column":15}},"6":{"start":{"line":31,"column":15},"end":{"line":31,"column":30}},"7":{"start":{"line":32,"column":25},"end":{"line":32,"column":63}},"8":{"start":{"line":33,"column":28},"end":{"line":33,"column":70}},"9":{"start":{"line":34,"column":23},"end":{"line":34,"column":55}},"10":{"start":{"line":35,"column":2},"end":{"line":40,"column":4}},"11":{"start":{"line":44,"column":2},"end":{"line":55,"column":5}},"12":{"start":{"line":45,"column":19},"end":{"line":45,"column":21}},"13":{"start":{"line":46,"column":3},"end":{"line":54,"column":7}},"14":{"start":{"line":48,"column":26},"end":{"line":48,"column":66}},"15":{"start":{"line":50,"column":5},"end":{"line":50,"column":22}},"16":{"start":{"line":53,"column":5},"end":{"line":53,"column":19}},"17":{"start":{"line":59,"column":19},"end":{"line":59,"column":52}},"18":{"start":{"line":60,"column":18},"end":{"line":60,"column":65}},"19":{"start":{"line":60,"column":43},"end":{"line":60,"column":64}},"20":{"start":{"line":62,"column":2},"end":{"line":64,"column":3}},"21":{"start":{"line":63,"column":3},"end":{"line":63,"column":50}},"22":{"start":{"line":66,"column":2},"end":{"line":66,"column":17}},"23":{"start":{"line":70,"column":2},"end":{"line":77,"column":3}},"24":{"start":{"line":71,"column":20},"end":{"line":71,"column":53}},"25":{"start":{"line":72,"column":3},"end":{"line":74,"column":5}},"26":{"start":{"line":76,"column":3},"end":{"line":76,"column":54}},"27":{"start":{"line":81,"column":2},"end":{"line":95,"column":3}},"28":{"start":{"line":82,"column":20},"end":{"line":82,"column":29}},"29":{"start":{"line":84,"column":3},"end":{"line":86,"column":4}},"30":{"start":{"line":85,"column":4},"end":{"line":85,"column":55}},"31":{"start":{"line":88,"column":19},"end":{"line":88,"column":58}},"32":{"start":{"line":90,"column":3},"end":{"line":92,"column":5}},"33":{"start":{"line":94,"column":3},"end":{"line":94,"column":54}},"34":{"start":{"line":99,"column":2},"end":{"line":125,"column":3}},"35":{"start":{"line":100,"column":46},"end":{"line":100,"column":55}},"36":{"start":{"line":102,"column":3},"end":{"line":104,"column":4}},"37":{"start":{"line":103,"column":4},"end":{"line":103,"column":55}},"38":{"start":{"line":106,"column":19},"end":{"line":106,"column":58}},"39":{"start":{"line":108,"column":19},"end":{"line":108,"column":20}},"40":{"start":{"line":110,"column":3},"end":{"line":112,"column":4}},"41":{"start":{"line":111,"column":4},"end":{"line":111,"column":38}},"42":{"start":{"line":114,"column":3},"end":{"line":118,"column":4}},"43":{"start":{"line":115,"column":4},"end":{"line":115,"column":43}},"44":{"start":{"line":117,"column":4},"end":{"line":117,"column":40}},"45":{"start":{"line":120,"column":3},"end":{"line":122,"column":5}},"46":{"start":{"line":124,"column":3},"end":{"line":124,"column":54}},"47":{"start":{"line":129,"column":0},"end":{"line":129,"column":30}}},"fnMap":{"0":{"name":"(anonymous_0)","decl":{"start":{"line":6,"column":1},"end":{"line":6,"column":2}},"loc":{"start":{"line":6,"column":39},"end":{"line":12,"column":2}},"line":6},"1":{"name":"(anonymous_1)","decl":{"start":{"line":14,"column":1},"end":{"line":14,"column":2}},"loc":{"start":{"line":14,"column":35},"end":{"line":20,"column":2}},"line":14},"2":{"name":"(anonymous_2)","decl":{"start":{"line":22,"column":1},"end":{"line":22,"column":2}},"loc":{"start":{"line":22,"column":39},"end":{"line":28,"column":2}},"line":22},"3":{"name":"(anonymous_3)","decl":{"start":{"line":30,"column":1},"end":{"line":30,"column":2}},"loc":{"start":{"line":30,"column":22},"end":{"line":41,"column":2}},"line":30},"4":{"name":"(anonymous_4)","decl":{"start":{"line":43,"column":1},"end":{"line":43,"column":2}},"loc":{"start":{"line":43,"column":29},"end":{"line":56,"column":2}},"line":43},"5":{"name":"(anonymous_5)","decl":{"start":{"line":44,"column":21},"end":{"line":44,"column":22}},"loc":{"start":{"line":44,"column":42},"end":{"line":55,"column":3}},"line":44},"6":{"name":"(anonymous_6)","decl":{"start":{"line":48,"column":16},"end":{"line":48,"column":17}},"loc":{"start":{"line":48,"column":26},"end":{"line":48,"column":66}},"line":48},"7":{"name":"(anonymous_7)","decl":{"start":{"line":49,"column":15},"end":{"line":49,"column":16}},"loc":{"start":{"line":49,"column":21},"end":{"line":51,"column":5}},"line":49},"8":{"name":"(anonymous_8)","decl":{"start":{"line":52,"column":17},"end":{"line":52,"column":18}},"loc":{"start":{"line":52,"column":28},"end":{"line":54,"column":5}},"line":52},"9":{"name":"(anonymous_9)","decl":{"start":{"line":58,"column":1},"end":{"line":58,"column":2}},"loc":{"start":{"line":58,"column":35},"end":{"line":67,"column":2}},"line":58},"10":{"name":"(anonymous_10)","decl":{"start":{"line":60,"column":32},"end":{"line":60,"column":33}},"loc":{"start":{"line":60,"column":43},"end":{"line":60,"column":64}},"line":60},"11":{"name":"(anonymous_11)","decl":{"start":{"line":69,"column":1},"end":{"line":69,"column":2}},"loc":{"start":{"line":69,"column":37},"end":{"line":78,"column":2}},"line":69},"12":{"name":"(anonymous_12)","decl":{"start":{"line":80,"column":1},"end":{"line":80,"column":2}},"loc":{"start":{"line":80,"column":33},"end":{"line":96,"column":2}},"line":80},"13":{"name":"(anonymous_13)","decl":{"start":{"line":98,"column":1},"end":{"line":98,"column":2}},"loc":{"start":{"line":98,"column":37},"end":{"line":126,"column":2}},"line":98}},"branchMap":{"0":{"loc":{"start":{"line":37,"column":20},"end":{"line":37,"column":62}},"type":"cond-expr","locations":[{"start":{"line":37,"column":44},"end":{"line":37,"column":45}},{"start":{"line":37,"column":48},"end":{"line":37,"column":62}}],"line":37},"1":{"loc":{"start":{"line":38,"column":23},"end":{"line":38,"column":71}},"type":"cond-expr","locations":[{"start":{"line":38,"column":50},"end":{"line":38,"column":51}},{"start":{"line":38,"column":54},"end":{"line":38,"column":71}}],"line":38},"2":{"loc":{"start":{"line":39,"column":18},"end":{"line":39,"column":56}},"type":"cond-expr","locations":[{"start":{"line":39,"column":40},"end":{"line":39,"column":41}},{"start":{"line":39,"column":44},"end":{"line":39,"column":56}}],"line":39},"3":{"loc":{"start":{"line":62,"column":2},"end":{"line":64,"column":3}},"type":"if","locations":[{"start":{"line":62,"column":2},"end":{"line":64,"column":3}},{"start":{"line":62,"column":2},"end":{"line":64,"column":3}}],"line":62},"4":{"loc":{"start":{"line":84,"column":3},"end":{"line":86,"column":4}},"type":"if","locations":[{"start":{"line":84,"column":3},"end":{"line":86,"column":4}},{"start":{"line":84,"column":3},"end":{"line":86,"column":4}}],"line":84},"5":{"loc":{"start":{"line":102,"column":3},"end":{"line":104,"column":4}},"type":"if","locations":[{"start":{"line":102,"column":3},"end":{"line":104,"column":4}},{"start":{"line":102,"column":3},"end":{"line":104,"column":4}}],"line":102},"6":{"loc":{"start":{"line":110,"column":3},"end":{"line":112,"column":4}},"type":"if","locations":[{"start":{"line":110,"column":3},"end":{"line":112,"column":4}},{"start":{"line":110,"column":3},"end":{"line":112,"column":4}}],"line":110},"7":{"loc":{"start":{"line":114,"column":3},"end":{"line":118,"column":4}},"type":"if","locations":[{"start":{"line":114,"column":3},"end":{"line":118,"column":4}},{"start":{"line":114,"column":3},"end":{"line":118,"column":4}}],"line":114}},"s":{"0":1,"1":1,"2":1,"3":1,"4":1,"5":2,"6":0,"7":0,"8":0,"9":0,"10":0,"11":0,"12":0,"13":0,"14":0,"15":0,"16":0,"17":10,"18":8,"19":32,"20":8,"21":1,"22":7,"23":3,"24":3,"25":2,"26":1,"27":4,"28":4,"29":4,"30":1,"31":3,"32":2,"33":1,"34":7,"35":7,"36":7,"37":1,"38":6,"39":5,"40":5,"41":3,"42":4,"43":2,"44":2,"45":4,"46":2,"47":1},"f":{"0":1,"1":1,"2":2,"3":0,"4":0,"5":0,"6":0,"7":0,"8":0,"9":10,"10":32,"11":3,"12":4,"13":7},"b":{"0":[0,0],"1":[0,0],"2":[0,0],"3":[1,7],"4":[1,3],"5":[1,6],"6":[3,2],"7":[2,2]},"_coverageSchema":"1a1c01bbd47fc00a2c39e90264f33305004495a9","hash":"7c8537319e8fa8fbd58322c825a45c16b0fcd1e1"}
}
