{"C:\\projects\\college-costs-api\\errors.js": {"path":"C:\\projects\\college-costs-api\\errors.js","statementMap":{"0":{"start":{"line":5,"column":0},"end":{"line":9,"column":2}}},"fnMap":{},"branchMap":{},"s":{"0":1},"f":{},"b":{},"_coverageSchema":"1a1c01bbd47fc00a2c39e90264f33305004495a9","hash":"2c2aa6f934da413b2d88c5abb1b4f50b223a4ca9"}
,"C:\\projects\\college-costs-api\\models\\College.js": {"path":"C:\\projects\\college-costs-api\\models\\College.js","statementMap":{"0":{"start":{"line":1,"column":12},"end":{"line":1,"column":33}},"1":{"start":{"line":2,"column":11},"end":{"line":2,"column":24}},"2":{"start":{"line":3,"column":13},"end":{"line":3,"column":28}},"3":{"start":{"line":9,"column":4},"end":{"line":9,"column":24}},"4":{"start":{"line":13,"column":2},"end":{"line":20,"column":3}},"5":{"start":{"line":15,"column":4},"end":{"line":15,"column":55}},"6":{"start":{"line":17,"column":4},"end":{"line":17,"column":51}},"7":{"start":{"line":19,"column":4},"end":{"line":19,"column":55}},"8":{"start":{"line":24,"column":2},"end":{"line":28,"column":15}},"9":{"start":{"line":32,"column":2},"end":{"line":36,"column":15}},"10":{"start":{"line":40,"column":2},"end":{"line":44,"column":15}},"11":{"start":{"line":48,"column":19},"end":{"line":48,"column":23}},"12":{"start":{"line":49,"column":2},"end":{"line":60,"column":3}},"13":{"start":{"line":50,"column":16},"end":{"line":50,"column":31}},"14":{"start":{"line":51,"column":26},"end":{"line":51,"column":64}},"15":{"start":{"line":52,"column":29},"end":{"line":52,"column":71}},"16":{"start":{"line":53,"column":24},"end":{"line":53,"column":56}},"17":{"start":{"line":54,"column":3},"end":{"line":59,"column":5}},"18":{"start":{"line":61,"column":2},"end":{"line":61,"column":20}},"19":{"start":{"line":65,"column":2},"end":{"line":81,"column":5}},"20":{"start":{"line":66,"column":19},"end":{"line":66,"column":21}},"21":{"start":{"line":67,"column":3},"end":{"line":80,"column":7}},"22":{"start":{"line":70,"column":24},"end":{"line":70,"column":50}},"23":{"start":{"line":71,"column":5},"end":{"line":73,"column":6}},"24":{"start":{"line":72,"column":6},"end":{"line":72,"column":31}},"25":{"start":{"line":76,"column":5},"end":{"line":76,"column":22}},"26":{"start":{"line":79,"column":5},"end":{"line":79,"column":19}},"27":{"start":{"line":85,"column":19},"end":{"line":85,"column":52}},"28":{"start":{"line":86,"column":18},"end":{"line":86,"column":65}},"29":{"start":{"line":86,"column":43},"end":{"line":86,"column":64}},"30":{"start":{"line":88,"column":2},"end":{"line":90,"column":3}},"31":{"start":{"line":89,"column":3},"end":{"line":89,"column":29}},"32":{"start":{"line":92,"column":2},"end":{"line":92,"column":17}},"33":{"start":{"line":96,"column":2},"end":{"line":103,"column":3}},"34":{"start":{"line":97,"column":20},"end":{"line":97,"column":53}},"35":{"start":{"line":98,"column":3},"end":{"line":100,"column":5}},"36":{"start":{"line":102,"column":3},"end":{"line":102,"column":45}},"37":{"start":{"line":107,"column":2},"end":{"line":121,"column":3}},"38":{"start":{"line":108,"column":20},"end":{"line":108,"column":29}},"39":{"start":{"line":110,"column":3},"end":{"line":112,"column":4}},"40":{"start":{"line":111,"column":4},"end":{"line":111,"column":33}},"41":{"start":{"line":114,"column":19},"end":{"line":114,"column":55}},"42":{"start":{"line":116,"column":3},"end":{"line":118,"column":5}},"43":{"start":{"line":120,"column":3},"end":{"line":120,"column":45}},"44":{"start":{"line":125,"column":2},"end":{"line":151,"column":3}},"45":{"start":{"line":126,"column":46},"end":{"line":126,"column":55}},"46":{"start":{"line":128,"column":3},"end":{"line":130,"column":4}},"47":{"start":{"line":129,"column":4},"end":{"line":129,"column":33}},"48":{"start":{"line":132,"column":19},"end":{"line":132,"column":55}},"49":{"start":{"line":134,"column":19},"end":{"line":134,"column":20}},"50":{"start":{"line":136,"column":3},"end":{"line":138,"column":4}},"51":{"start":{"line":137,"column":4},"end":{"line":137,"column":38}},"52":{"start":{"line":140,"column":3},"end":{"line":144,"column":4}},"53":{"start":{"line":141,"column":4},"end":{"line":141,"column":43}},"54":{"start":{"line":143,"column":4},"end":{"line":143,"column":40}},"55":{"start":{"line":146,"column":3},"end":{"line":148,"column":5}},"56":{"start":{"line":150,"column":3},"end":{"line":150,"column":45}},"57":{"start":{"line":155,"column":0},"end":{"line":155,"column":30}}},"fnMap":{"0":{"name":"(anonymous_0)","decl":{"start":{"line":12,"column":1},"end":{"line":12,"column":2}},"loc":{"start":{"line":12,"column":30},"end":{"line":21,"column":2}},"line":12},"1":{"name":"(anonymous_1)","decl":{"start":{"line":23,"column":1},"end":{"line":23,"column":2}},"loc":{"start":{"line":23,"column":39},"end":{"line":29,"column":2}},"line":23},"2":{"name":"(anonymous_2)","decl":{"start":{"line":31,"column":1},"end":{"line":31,"column":2}},"loc":{"start":{"line":31,"column":35},"end":{"line":37,"column":2}},"line":31},"3":{"name":"(anonymous_3)","decl":{"start":{"line":39,"column":1},"end":{"line":39,"column":2}},"loc":{"start":{"line":39,"column":39},"end":{"line":45,"column":2}},"line":39},"4":{"name":"(anonymous_4)","decl":{"start":{"line":47,"column":1},"end":{"line":47,"column":2}},"loc":{"start":{"line":47,"column":22},"end":{"line":62,"column":2}},"line":47},"5":{"name":"(anonymous_5)","decl":{"start":{"line":64,"column":1},"end":{"line":64,"column":2}},"loc":{"start":{"line":64,"column":29},"end":{"line":82,"column":2}},"line":64},"6":{"name":"(anonymous_6)","decl":{"start":{"line":65,"column":21},"end":{"line":65,"column":22}},"loc":{"start":{"line":65,"column":42},"end":{"line":81,"column":3}},"line":65},"7":{"name":"(anonymous_7)","decl":{"start":{"line":69,"column":16},"end":{"line":69,"column":17}},"loc":{"start":{"line":69,"column":26},"end":{"line":74,"column":5}},"line":69},"8":{"name":"(anonymous_8)","decl":{"start":{"line":75,"column":15},"end":{"line":75,"column":16}},"loc":{"start":{"line":75,"column":21},"end":{"line":77,"column":5}},"line":75},"9":{"name":"(anonymous_9)","decl":{"start":{"line":78,"column":17},"end":{"line":78,"column":18}},"loc":{"start":{"line":78,"column":28},"end":{"line":80,"column":5}},"line":78},"10":{"name":"(anonymous_10)","decl":{"start":{"line":84,"column":1},"end":{"line":84,"column":2}},"loc":{"start":{"line":84,"column":32},"end":{"line":93,"column":2}},"line":84},"11":{"name":"(anonymous_11)","decl":{"start":{"line":86,"column":32},"end":{"line":86,"column":33}},"loc":{"start":{"line":86,"column":43},"end":{"line":86,"column":64}},"line":86},"12":{"name":"(anonymous_12)","decl":{"start":{"line":95,"column":1},"end":{"line":95,"column":2}},"loc":{"start":{"line":95,"column":37},"end":{"line":104,"column":2}},"line":95},"13":{"name":"(anonymous_13)","decl":{"start":{"line":106,"column":1},"end":{"line":106,"column":2}},"loc":{"start":{"line":106,"column":33},"end":{"line":122,"column":2}},"line":106},"14":{"name":"(anonymous_14)","decl":{"start":{"line":124,"column":1},"end":{"line":124,"column":2}},"loc":{"start":{"line":124,"column":37},"end":{"line":152,"column":2}},"line":124}},"branchMap":{"0":{"loc":{"start":{"line":13,"column":2},"end":{"line":20,"column":3}},"type":"switch","locations":[{"start":{"line":14,"column":3},"end":{"line":15,"column":55}},{"start":{"line":16,"column":3},"end":{"line":17,"column":51}},{"start":{"line":18,"column":3},"end":{"line":19,"column":55}}],"line":13},"1":{"loc":{"start":{"line":49,"column":2},"end":{"line":60,"column":3}},"type":"if","locations":[{"start":{"line":49,"column":2},"end":{"line":60,"column":3}},{"start":{"line":49,"column":2},"end":{"line":60,"column":3}}],"line":49},"2":{"loc":{"start":{"line":56,"column":21},"end":{"line":56,"column":63}},"type":"cond-expr","locations":[{"start":{"line":56,"column":45},"end":{"line":56,"column":46}},{"start":{"line":56,"column":49},"end":{"line":56,"column":63}}],"line":56},"3":{"loc":{"start":{"line":57,"column":24},"end":{"line":57,"column":72}},"type":"cond-expr","locations":[{"start":{"line":57,"column":51},"end":{"line":57,"column":52}},{"start":{"line":57,"column":55},"end":{"line":57,"column":72}}],"line":57},"4":{"loc":{"start":{"line":58,"column":19},"end":{"line":58,"column":57}},"type":"cond-expr","locations":[{"start":{"line":58,"column":41},"end":{"line":58,"column":42}},{"start":{"line":58,"column":45},"end":{"line":58,"column":57}}],"line":58},"5":{"loc":{"start":{"line":71,"column":5},"end":{"line":73,"column":6}},"type":"if","locations":[{"start":{"line":71,"column":5},"end":{"line":73,"column":6}},{"start":{"line":71,"column":5},"end":{"line":73,"column":6}}],"line":71},"6":{"loc":{"start":{"line":88,"column":2},"end":{"line":90,"column":3}},"type":"if","locations":[{"start":{"line":88,"column":2},"end":{"line":90,"column":3}},{"start":{"line":88,"column":2},"end":{"line":90,"column":3}}],"line":88},"7":{"loc":{"start":{"line":110,"column":3},"end":{"line":112,"column":4}},"type":"if","locations":[{"start":{"line":110,"column":3},"end":{"line":112,"column":4}},{"start":{"line":110,"column":3},"end":{"line":112,"column":4}}],"line":110},"8":{"loc":{"start":{"line":128,"column":3},"end":{"line":130,"column":4}},"type":"if","locations":[{"start":{"line":128,"column":3},"end":{"line":130,"column":4}},{"start":{"line":128,"column":3},"end":{"line":130,"column":4}}],"line":128},"9":{"loc":{"start":{"line":136,"column":3},"end":{"line":138,"column":4}},"type":"if","locations":[{"start":{"line":136,"column":3},"end":{"line":138,"column":4}},{"start":{"line":136,"column":3},"end":{"line":138,"column":4}}],"line":136},"10":{"loc":{"start":{"line":140,"column":3},"end":{"line":144,"column":4}},"type":"if","locations":[{"start":{"line":140,"column":3},"end":{"line":144,"column":4}},{"start":{"line":140,"column":3},"end":{"line":144,"column":4}}],"line":140}},"s":{"0":1,"1":1,"2":1,"3":1,"4":6,"5":2,"6":0,"7":4,"8":1,"9":1,"10":2,"11":3,"12":3,"13":2,"14":2,"15":2,"16":2,"17":2,"18":3,"19":3,"20":3,"21":3,"22":1467,"23":1467,"24":489,"25":3,"26":0,"27":10,"28":8,"29":32,"30":8,"31":1,"32":7,"33":3,"34":3,"35":2,"36":1,"37":4,"38":4,"39":4,"40":1,"41":3,"42":2,"43":2,"44":7,"45":7,"46":7,"47":1,"48":6,"49":5,"50":5,"51":3,"52":4,"53":2,"54":2,"55":4,"56":3,"57":1},"f":{"0":6,"1":1,"2":1,"3":2,"4":3,"5":3,"6":3,"7":1467,"8":3,"9":0,"10":10,"11":32,"12":3,"13":4,"14":7},"b":{"0":[2,0,4],"1":[2,1],"2":[1,1],"3":[0,2],"4":[1,1],"5":[489,978],"6":[1,7],"7":[1,3],"8":[1,6],"9":[3,2],"10":[2,2]},"_coverageSchema":"1a1c01bbd47fc00a2c39e90264f33305004495a9","hash":"9e319fb4dd35d72d45a80b6de60385bba9f42a9a"}
}
