TN:
SF:models\College.js
FN:6,(anonymous_0)
FN:7,(anonymous_1)
FN:11,(anonymous_2)
FN:12,(anonymous_3)
FN:15,(anonymous_4)
FN:21,(anonymous_5)
FN:36,(anonymous_6)
FN:49,(anonymous_7)
FN:71,(anonymous_8)
FN:84,(anonymous_9)
FNF:10
FNH:5
FNDA:0,(anonymous_0)
FNDA:0,(anonymous_1)
FNDA:0,(anonymous_2)
FNDA:0,(anonymous_3)
FNDA:0,(anonymous_4)
FNDA:3,(anonymous_5)
FNDA:4,(anonymous_6)
FNDA:9,(anonymous_7)
FNDA:7,(anonymous_8)
FNDA:21,(anonymous_9)
DA:1,1
DA:2,1
DA:3,1
DA:7,0
DA:8,0
DA:9,0
DA:11,0
DA:13,0
DA:16,0
DA:22,3
DA:23,3
DA:24,2
DA:28,1
DA:37,4
DA:38,4
DA:40,4
DA:41,1
DA:48,3
DA:49,9
DA:51,3
DA:52,1
DA:59,2
DA:63,0
DA:72,7
DA:73,7
DA:75,7
DA:76,1
DA:83,6
DA:84,21
DA:86,6
DA:87,1
DA:94,5
DA:96,5
DA:97,3
DA:98,3
DA:101,5
DA:102,3
DA:103,3
DA:105,2
DA:106,2
DA:109,5
DA:113,0
DA:122,1
LF:43
LH:35
BRDA:40,0,0,1
BRDA:40,0,1,3
BRDA:51,1,0,1
BRDA:51,1,1,2
BRDA:75,2,0,1
BRDA:75,2,1,6
BRDA:86,3,0,1
BRDA:86,3,1,5
BRDA:96,4,0,3
BRDA:96,4,1,2
BRDA:98,5,0,0
BRDA:98,5,1,3
BRDA:101,6,0,3
BRDA:101,6,1,2
BRDA:103,7,0,1
BRDA:103,7,1,2
BRDA:106,8,0,0
BRDA:106,8,1,2
BRF:18
BRH:16
end_of_record
