TN:
SF:models\College.js
FN:6,(anonymous_0)
FN:14,(anonymous_1)
FN:22,(anonymous_2)
FN:30,(anonymous_3)
FN:31,(anonymous_4)
FN:35,(anonymous_5)
FN:36,(anonymous_6)
FN:39,(anonymous_7)
FN:45,(anonymous_8)
FN:56,(anonymous_9)
FN:65,(anonymous_10)
FN:79,(anonymous_11)
FN:88,(anonymous_12)
FNF:13
FNH:8
FNDA:1,(anonymous_0)
FNDA:1,(anonymous_1)
FNDA:1,(anonymous_2)
FNDA:0,(anonymous_3)
FNDA:0,(anonymous_4)
FNDA:0,(anonymous_5)
FNDA:0,(anonymous_6)
FNDA:0,(anonymous_7)
FNDA:3,(anonymous_8)
FNDA:5,(anonymous_9)
FNDA:9,(anonymous_10)
FNDA:8,(anonymous_11)
FNDA:21,(anonymous_12)
DA:1,1
DA:2,1
DA:3,1
DA:7,1
DA:15,1
DA:23,1
DA:31,0
DA:32,0
DA:33,0
DA:35,0
DA:37,0
DA:40,0
DA:46,3
DA:47,3
DA:48,2
DA:52,1
DA:57,5
DA:58,5
DA:60,5
DA:61,1
DA:64,4
DA:65,9
DA:67,3
DA:68,1
DA:71,2
DA:75,1
DA:80,8
DA:81,8
DA:83,8
DA:84,1
DA:87,7
DA:88,21
DA:90,6
DA:91,1
DA:94,5
DA:96,5
DA:97,3
DA:98,3
DA:101,5
DA:102,3
DA:103,3
DA:105,2
DA:106,2
DA:109,5
DA:113,1
DA:118,1
LF:46
LH:40
BRDA:60,0,0,1
BRDA:60,0,1,4
BRDA:67,1,0,1
BRDA:67,1,1,2
BRDA:83,2,0,1
BRDA:83,2,1,7
BRDA:90,3,0,1
BRDA:90,3,1,5
BRDA:96,4,0,3
BRDA:96,4,1,2
BRDA:98,5,0,0
BRDA:98,5,1,3
BRDA:101,6,0,3
BRDA:101,6,1,2
BRDA:103,7,0,1
BRDA:103,7,1,2
BRDA:106,8,0,0
BRDA:106,8,1,2
BRF:18
BRH:16
end_of_record
